ERROR: Database connection timeout
INFO: User login successful
ERROR: Disk space running low
ERROR: Disk space running low
WARNING: High CPU usage detected
ERROR: Disk space running low
ERROR: Database connection timeout
WARNING: Memory usage exceeded threshold
ERROR: Kubernetes pod crashed
ERROR: Kubernetes pod crashed
ERROR: Kubernetes pod crashed
WARNING: High CPU usage detected
ERROR: Jenkins pipeline failed
INFO: User login successful
INFO: User login successful
INFO: User login successful
ERROR: Kubernetes pod crashed
ERROR: Failed to connect to server
ERROR: Jenkins pipeline failed
WARNING: Memory usage exceeded threshold
WARNING: Docker container restarted
WARNING: Docker container restarted
ERROR: Database connection timeout
WARNING: High CPU usage detected
ERROR: Failed to connect to server
WARNING: Memory usage exceeded threshold
ERROR: Failed to connect to server
ERROR: Disk space running low
ERROR: Failed to connect to server
ERROR: Disk space running low
INFO: User login successful
ERROR: Database connection timeout
INFO: User login successful
ERROR: Disk space running low
WARNING: Memory usage exceeded threshold
ERROR: Database connection timeout
WARNING: Memory usage exceeded threshold
